('var', -1)
('__id_identifier', (770, 0))
(':', -1)
('integer', -1)
(';', -1)
('__id_identifier', (679, 0))
(':', -1)
('array', -1)
('[', -1)
('__id_constant', (371, 0))
(']', -1)
('of', -1)
('integer', -1)
(';', -1)
('__id_identifier', (925, 0))
(':', -1)
('integer', -1)
(';', -1)
('__id_identifier', (735, 0))
(':', -1)
('integer', -1)
(';', -1)
(';', -1)
('__id_identifier', (770, 0))
('=', -1)
('__id_constant', (371, 0))
(';', -1)
('__id_identifier', (679, 0))
('[', -1)
('__id_constant', (336, 0))
(']', -1)
('=', -1)
('__id_constant', (343, 0))
(';', -1)
('__id_identifier', (679, 0))
('[', -1)
('__id_constant', (343, 0))
(']', -1)
('=', -1)
('__id_constant', (350, 0))
(';', -1)
('__id_identifier', (679, 0))
('[', -1)
('__id_constant', (350, 0))
(']', -1)
('=', -1)
('__id_constant', (357, 0))
(';', -1)
('__id_identifier', (679, 0))
('[', -1)
('__id_constant', (357, 0))
(']', -1)
('=', -1)
('__id_constant', (364, 0))
(';', -1)
('__id_identifier', (679, 0))
('[', -1)
('__id_constant', (364, 0))
(']', -1)
('=', -1)
('__id_constant', (695, 0))
(';', -1)
('__id_identifier', (735, 0))
('=', -1)
('__id_constant', (336, 0))
(';', -1)
('while', -1)
('__id_identifier', (735, 0))
('<', -1)
('__id_identifier', (770, 0))
('repeat', -1)
('__id_identifier', (925, 0))
('=', -1)
('__id_identifier', (925, 0))
('+', -1)
('__id_identifier', (679, 0))
('[', -1)
('__id_identifier', (735, 0))
(']', -1)
(';', -1)
('__id_identifier', (735, 0))
('=', -1)
('__id_identifier', (735, 0))
('+', -1)
('__id_constant', (343, 0))
(';', -1)
(';', -1)
('write', -1)
('(', -1)
('__id_identifier', (925, 0))
(')', -1)
(';', -1)
('end', -1)
